Unity Editor version:    2020.3.31f1 (6b54b7616050)
Branch:                  2020.3/release
Build type:              Release
Batch mode:              YES
macOS version:           Version 10.14.6 (Build 18G9323)
Darwin version:          18.7.0
Architecture:            x86_64
Running under Rosetta:   NO
Available memory:        8192 MB
Using pre-set license
Pro License: NO

COMMAND LINE ARGUMENTS:
/Applications/Unity/Hub/Editor/2020.3.31f1/Unity.app/Contents/MacOS/Unity
-adb2
-batchMode
-noUpm
-name
AssetImportWorker0
-projectPath
/Users/wonder_staff/Desktop/Ryo_Smash_Bro-s
-logFile
Logs/AssetImportWorker0.log
-srvPort
52041
Successfully changed project path to: /Users/wonder_staff/Desktop/Ryo_Smash_Bro-s
/Users/wonder_staff/Desktop/Ryo_Smash_Bro-s
Using Asset Import Pipeline V2.
Refreshing native plugins compatible for Editor in 51.90 ms, found 2 plugins.
Preloading 0 native plugins for Editor in 0.00 ms.
Initialize engine version: 2020.3.31f1 (6b54b7616050)
[Subsystems] Discovering subsystems at path /Applications/Unity/Hub/Editor/2020.3.31f1/Unity.app/Contents/Resources/UnitySubsystems
[Subsystems] Discovering subsystems at path /Users/wonder_staff/Desktop/Ryo_Smash_Bro-s/Assets
GfxDevice: creating device client; threaded=0
2022-04-17 10:13:38.426 Unity[4760:87799] Color LCD preferred device: Intel(R) UHD Graphics 617 (low power)
2022-04-17 10:13:38.426 Unity[4760:87799] Metal devices available: 1
2022-04-17 10:13:38.426 Unity[4760:87799] 0: Intel(R) UHD Graphics 617 (low power)
2022-04-17 10:13:38.428 Unity[4760:87799] Using device Intel(R) UHD Graphics 617 (low power)
Initializing Metal device caps: Intel(R) UHD Graphics 617
Initialize mono
Mono path[0] = '/Applications/Unity/Hub/Editor/2020.3.31f1/Unity.app/Contents/Managed'
Mono path[1] = '/Applications/Unity/Hub/Editor/2020.3.31f1/Unity.app/Contents/MonoBleedingEdge/lib/mono/unityjit'
Mono config path = '/Applications/Unity/Hub/Editor/2020.3.31f1/Unity.app/Contents/MonoBleedingEdge/etc'
Using monoOptions --debugger-agent=transport=dt_socket,embedding=1,server=y,suspend=n,address=127.0.0.1:56760
Begin MonoManager ReloadAssembly
Registering precompiled unity dll's ...
Register platform support module: /Applications/Unity/Hub/Editor/2020.3.31f1/Unity.app/Contents/PlaybackEngines/MacStandaloneSupport/UnityEditor.OSXStandalone.Extensions.dll
Registered in 0.000463 seconds.
Native extension for OSXStandalone target not found
Refreshing native plugins compatible for Editor in 70.05 ms, found 2 plugins.
Preloading 0 native plugins for Editor in 0.00 ms.
Mono: successfully reloaded assembly
- Completed reload, in  1.261 seconds
Domain Reload Profiling:
	ReloadAssembly (1261ms)
		BeginReloadAssembly (80ms)
			ExecutionOrderSort (0ms)
			DisableScriptedObjects (0ms)
			BackupInstance (0ms)
			ReleaseScriptingObjects (0ms)
			CreateAndSetChildDomain (2ms)
		EndReloadAssembly (1047ms)
			LoadAssemblies (79ms)
			RebuildTransferFunctionScriptingTraits (0ms)
			SetupTypeCache (312ms)
			ReleaseScriptCaches (0ms)
			RebuildScriptCaches (77ms)
			SetupLoadedEditorAssemblies (500ms)
				LogAssemblyErrors (0ms)
				InitializePlatformSupportModulesInManaged (10ms)
				SetLoadedEditorAssemblies (1ms)
				RefreshPlugins (70ms)
				BeforeProcessingInitializeOnLoad (72ms)
				ProcessInitializeOnLoadAttributes (268ms)
				ProcessInitializeOnLoadMethodAttributes (79ms)
				AfterProcessingInitializeOnLoad (0ms)
				EditorAssembliesLoaded (1ms)
			ExecutionOrderSort2 (0ms)
			AwakeInstancesAfterBackupRestoration (0ms)
Platform modules already initialized, skipping
Registering precompiled user dll's ...
Registered in 0.002252 seconds.
Begin MonoManager ReloadAssembly
Native extension for OSXStandalone target not found
Refreshing native plugins compatible for Editor in 0.58 ms, found 2 plugins.
Preloading 0 native plugins for Editor in 0.00 ms.
Mono: successfully reloaded assembly
- Completed reload, in  1.911 seconds
Domain Reload Profiling:
	ReloadAssembly (1914ms)
		BeginReloadAssembly (289ms)
			ExecutionOrderSort (0ms)
			DisableScriptedObjects (9ms)
			BackupInstance (0ms)
			ReleaseScriptingObjects (0ms)
			CreateAndSetChildDomain (58ms)
		EndReloadAssembly (1484ms)
			LoadAssemblies (134ms)
			RebuildTransferFunctionScriptingTraits (0ms)
			SetupTypeCache (575ms)
			ReleaseScriptCaches (0ms)
			RebuildScriptCaches (98ms)
			SetupLoadedEditorAssemblies (505ms)
				LogAssemblyErrors (0ms)
				InitializePlatformSupportModulesInManaged (8ms)
				SetLoadedEditorAssemblies (1ms)
				RefreshPlugins (1ms)
				BeforeProcessingInitializeOnLoad (116ms)
				ProcessInitializeOnLoadAttributes (360ms)
				ProcessInitializeOnLoadMethodAttributes (19ms)
				AfterProcessingInitializeOnLoad (1ms)
				EditorAssembliesLoaded (0ms)
			ExecutionOrderSort2 (0ms)
			AwakeInstancesAfterBackupRestoration (16ms)
Platform modules already initialized, skipping
Validating Project structure ... 0.000919 seconds.
Shader import version has changed; will reimport all shaders...
Upgrading shader files ...0.001045 seconds.
Application.AssetDatabase Initial Script Refresh Start
RefreshInfo: InitialScriptRefreshV2(NoUpdateAssetOptions) scanfilter:  ... 1 filters
RefreshProfiler: Total: 0.000ms
Application.AssetDatabase Initial Script Refresh End
Application.AssetDatabase.Refresh Start
Application.AssetDatabase.Refresh End
RefreshInfo: StopAssetImportingV2(ForceSynchronousImport) scanfilter: 
RefreshProfiler: Total: 0.000ms
Launching external process: /Applications/Unity/Hub/Editor/2020.3.31f1/Unity.app/Contents/Tools/UnityShaderCompiler
Launched and connected shader compiler UnityShaderCompiler after 0.02 seconds
Initializing Unity extensions:
========================================================================
Worker process is ready to serve import requests
Refreshing native plugins compatible for Editor in 0.40 ms, found 2 plugins.
Preloading 0 native plugins for Editor in 0.00 ms.
Unloading 1511 Unused Serialized files (Serialized files now loaded: 0)
System memory in use before: 178.2 MB.
System memory in use after: 177.4 MB.

Unloading 81 unused Assets to reduce memory usage. Loaded Objects now: 1985.
Total: 7.950813 ms (FindLiveObjects: 0.212698 ms CreateObjectMapping: 0.073788 ms MarkObjects: 6.821689 ms  DeleteObjects: 0.840637 ms)

AssetImportParameters requested are different than current active one (requested -> active):
  custom:video-decoder-ogg-theora: a1e56fd34408186e4bbccfd4996cb3dc -> 
  custom:container-muxer-webm: aa71ff27fc2769a1b78a27578f13a17b -> 
  custom:container-demuxer-webm: 4f35f7cbe854078d1ac9338744f61a02 -> 
  custom:container-demuxer-ogg: 62fdf1f143b41e24485cea50d1cbac27 -> 
  custom:video-encoder-webm-vp8: eb34c28f22e8b96e1ab97ce403110664 -> 
  custom:framework-osx-AVFoundation: b23960f63f64bdc6ff669e2cdcee2391 -> 
  custom:video-decoder-webm-vp8: 9c59270c3fd7afecdb556c50c9e8de78 -> 
  custom:audio-decoder-ogg-vorbis: bf7c407c2cedff20999df2af8eb42d56 -> 
  custom:audio-encoder-webm-vorbis: bf7c407c2cedff20999df2af8eb42d56 -> 
========================================================================
Received Import Request.
  path: Assets/Stickman.blend
  artifactKey: Guid(cc9651c87462f457c86add9ec850714e) Importer(815301076,1909f56bfc062723c751e8b465ee728b)
Start importing Assets/Stickman.blend using Guid(cc9651c87462f457c86add9ec850714e) Importer(815301076,1909f56bfc062723c751e8b465ee728b)  -> (artifact id: '747a349d56b5f2983562786d46184d6e') in 1.258592 seconds 
========================================================================
Received Import Request.
  Time since last request: 0.000463 seconds.
  path: Assets/Red.mat
  artifactKey: Guid(1ff4d09a619064a4eab83ca82241fde0) Importer(815301076,1909f56bfc062723c751e8b465ee728b)
Start importing Assets/Red.mat using Guid(1ff4d09a619064a4eab83ca82241fde0) Importer(815301076,1909f56bfc062723c751e8b465ee728b)  -> (artifact id: 'c43a1cf6d62f4c3bab370ca81ec08ce3') in 0.336032 seconds 
========================================================================
Received Import Request.
  Time since last request: 0.000370 seconds.
  path: Assets/GAMESET.png
  artifactKey: Guid(0ea3181dfc7194cf7891fa88819c65a0) Importer(815301076,1909f56bfc062723c751e8b465ee728b)
Start importing Assets/GAMESET.png using Guid(0ea3181dfc7194cf7891fa88819c65a0) Importer(815301076,1909f56bfc062723c751e8b465ee728b)  -> (artifact id: '93b996eb25dd73587b7df442bd744c24') in 0.654960 seconds 
========================================================================
Received Import Request.
  Time since last request: 0.000370 seconds.
  path: Assets/JOKER'sKnife.blend
  artifactKey: Guid(5f1d460686f5a4bf2993e8de46c0db14) Importer(815301076,1909f56bfc062723c751e8b465ee728b)
Start importing Assets/JOKER'sKnife.blend using Guid(5f1d460686f5a4bf2993e8de46c0db14) Importer(815301076,1909f56bfc062723c751e8b465ee728b)  -> (artifact id: '3a62c312d99536ea21b3f9f0b0e35c9e') in 0.189481 seconds 
========================================================================
Received Import Request.
  Time since last request: 4.692667 seconds.
  path: Assets/Scenes/Senjou.unity
  artifactKey: Guid(9fc0d4010bbf28b4594072e72b8655ab) Importer(815301076,1909f56bfc062723c751e8b465ee728b)
Start importing Assets/Scenes/Senjou.unity using Guid(9fc0d4010bbf28b4594072e72b8655ab) Importer(815301076,1909f56bfc062723c751e8b465ee728b)  -> (artifact id: 'd0b04f0a2da6d782a73b8d3d60717c08') in 0.001418 seconds 
========================================================================
Received Import Request.
  Time since last request: 177.203860 seconds.
  path: Assets/Brue.mat
  artifactKey: Guid(74e49b2bb69004a9c9eee56da3346c03) Importer(815301076,1909f56bfc062723c751e8b465ee728b)
Start importing Assets/Brue.mat using Guid(74e49b2bb69004a9c9eee56da3346c03) Importer(815301076,1909f56bfc062723c751e8b465ee728b)  -> (artifact id: '99a53547966e2ddb051c604e37bf99bc') in 0.035831 seconds 
========================================================================
Received Import Request.
  Time since last request: 0.020021 seconds.
  path: Assets/DamageUI.png
  artifactKey: Guid(02d7b55b056af4f32b02905767f50efc) Importer(815301076,1909f56bfc062723c751e8b465ee728b)
Start importing Assets/DamageUI.png using Guid(02d7b55b056af4f32b02905767f50efc) Importer(815301076,1909f56bfc062723c751e8b465ee728b)  -> (artifact id: 'f698b561f4370f522226bb4829ae8f55') in 0.049663 seconds 
========================================================================
Received Import Request.
  Time since last request: 0.001188 seconds.
  path: Assets/Edge Block (1).prefab
  artifactKey: Guid(6e3874948cf114c2cb29c1428917080f) Importer(815301076,1909f56bfc062723c751e8b465ee728b)
Start importing Assets/Edge Block (1).prefab using Guid(6e3874948cf114c2cb29c1428917080f) Importer(815301076,1909f56bfc062723c751e8b465ee728b)  -> (artifact id: '5bf7b8d40668658c877ea3d5202ec51f') in 0.408812 seconds 
========================================================================
Received Import Request.
  Time since last request: 2.530200 seconds.
  path: Assets/JokerAction.cs
  artifactKey: Guid(f08e6844435b14736a2fd65e4aab1a51) Importer(815301076,1909f56bfc062723c751e8b465ee728b)
Start importing Assets/JokerAction.cs using Guid(f08e6844435b14736a2fd65e4aab1a51) Importer(815301076,1909f56bfc062723c751e8b465ee728b)  -> (artifact id: 'c1f89f488773c76638b3735f2060192d') in 0.144441 seconds 
========================================================================
Received Import Request.
  Time since last request: 45.640184 seconds.
  path: Assets/JokerAction.cs
  artifactKey: Guid(f08e6844435b14736a2fd65e4aab1a51) Importer(815301076,1909f56bfc062723c751e8b465ee728b)
Start importing Assets/JokerAction.cs using Guid(f08e6844435b14736a2fd65e4aab1a51) Importer(815301076,1909f56bfc062723c751e8b465ee728b)  -> (artifact id: '03b8dd8478619203d70a67ad4b1b2ae4') in 0.003241 seconds 
========================================================================
Received Prepare
Registering precompiled user dll's ...
Registered in 0.001415 seconds.
Begin MonoManager ReloadAssembly
Native extension for OSXStandalone target not found
Refreshing native plugins compatible for Editor in 0.38 ms, found 2 plugins.
Preloading 0 native plugins for Editor in 0.00 ms.
Mono: successfully reloaded assembly
- Completed reload, in  1.604 seconds
Domain Reload Profiling:
	ReloadAssembly (1605ms)
		BeginReloadAssembly (231ms)
			ExecutionOrderSort (0ms)
			DisableScriptedObjects (7ms)
			BackupInstance (0ms)
			ReleaseScriptingObjects (0ms)
			CreateAndSetChildDomain (122ms)
		EndReloadAssembly (1259ms)
			LoadAssemblies (123ms)
			RebuildTransferFunctionScriptingTraits (0ms)
			SetupTypeCache (455ms)
			ReleaseScriptCaches (1ms)
			RebuildScriptCaches (81ms)
			SetupLoadedEditorAssemblies (451ms)
				LogAssemblyErrors (0ms)
				InitializePlatformSupportModulesInManaged (7ms)
				SetLoadedEditorAssemblies (1ms)
				RefreshPlugins (0ms)
				BeforeProcessingInitializeOnLoad (151ms)
				ProcessInitializeOnLoadAttributes (277ms)
				ProcessInitializeOnLoadMethodAttributes (13ms)
				AfterProcessingInitializeOnLoad (2ms)
				EditorAssembliesLoaded (0ms)
			ExecutionOrderSort2 (0ms)
			AwakeInstancesAfterBackupRestoration (10ms)
Platform modules already initialized, skipping
Refreshing native plugins compatible for Editor in 0.51 ms, found 2 plugins.
Preloading 0 native plugins for Editor in 0.00 ms.
Unloading 1504 Unused Serialized files (Serialized files now loaded: 0)
System memory in use before: 196.5 MB.
System memory in use after: 196.6 MB.

Unloading 13 unused Assets to reduce memory usage. Loaded Objects now: 2037.
Total: 4.427499 ms (FindLiveObjects: 0.194107 ms CreateObjectMapping: 0.074840 ms MarkObjects: 4.101879 ms  DeleteObjects: 0.055405 ms)

AssetImportParameters requested are different than current active one (requested -> active):
  custom:video-decoder-ogg-theora: a1e56fd34408186e4bbccfd4996cb3dc -> 
  custom:container-muxer-webm: aa71ff27fc2769a1b78a27578f13a17b -> 
  custom:container-demuxer-webm: 4f35f7cbe854078d1ac9338744f61a02 -> 
  custom:container-demuxer-ogg: 62fdf1f143b41e24485cea50d1cbac27 -> 
  custom:video-encoder-webm-vp8: eb34c28f22e8b96e1ab97ce403110664 -> 
  custom:framework-osx-AVFoundation: b23960f63f64bdc6ff669e2cdcee2391 -> 
  custom:video-decoder-webm-vp8: 9c59270c3fd7afecdb556c50c9e8de78 -> 
  custom:audio-decoder-ogg-vorbis: bf7c407c2cedff20999df2af8eb42d56 -> 
  custom:audio-encoder-webm-vorbis: bf7c407c2cedff20999df2af8eb42d56 -> 
========================================================================
Received Import Request.
  Time since last request: 162.855928 seconds.
  path: Assets/blender/StickmanIdle.fbx
  artifactKey: Guid(080fc22921b39444ea89e9ad89bb8110) Importer(815301076,1909f56bfc062723c751e8b465ee728b)
Start importing Assets/blender/StickmanIdle.fbx using Guid(080fc22921b39444ea89e9ad89bb8110) Importer(815301076,1909f56bfc062723c751e8b465ee728b)  -> (artifact id: '345adf40810966d95589f6d0ab774d4c') in 0.873166 seconds 
========================================================================
Received Import Request.
  Time since last request: 0.000435 seconds.
  path: Assets/blender/StickmanRun.fbx
  artifactKey: Guid(ae335321fd8254b9c9673d67699aa516) Importer(815301076,1909f56bfc062723c751e8b465ee728b)
Start importing Assets/blender/StickmanRun.fbx using Guid(ae335321fd8254b9c9673d67699aa516) Importer(815301076,1909f56bfc062723c751e8b465ee728b)  -> (artifact id: 'a3b7f22ff160fbd648c3ffa67e0dafd4') in 0.365887 seconds 
========================================================================
Received Import Request.
  Time since last request: 0.000364 seconds.
  path: Assets/blender/StickmanTeeter2.fbx
  artifactKey: Guid(fe2eae92e55594554a960ed0261fbd8a) Importer(815301076,1909f56bfc062723c751e8b465ee728b)
Start importing Assets/blender/StickmanTeeter2.fbx using Guid(fe2eae92e55594554a960ed0261fbd8a) Importer(815301076,1909f56bfc062723c751e8b465ee728b)  -> (artifact id: '784761822203e192650d46825349a077') in 0.372652 seconds 
========================================================================
Received Import Request.
  Time since last request: 0.000434 seconds.
  path: Assets/blender/StickmanPunchAttack.fbx
  artifactKey: Guid(128eb52627c0c4f0aace8ec714587db3) Importer(815301076,1909f56bfc062723c751e8b465ee728b)
Start importing Assets/blender/StickmanPunchAttack.fbx using Guid(128eb52627c0c4f0aace8ec714587db3) Importer(815301076,1909f56bfc062723c751e8b465ee728b)  -> (artifact id: '38015d9761f348a196133c766c371be1') in 0.399853 seconds 
========================================================================
Received Import Request.
  Time since last request: 0.000729 seconds.
  path: Assets/blender/StickmanSwordAttack.fbx
  artifactKey: Guid(ddebe15131be44feab0df86b4fa51a3f) Importer(815301076,1909f56bfc062723c751e8b465ee728b)
Start importing Assets/blender/StickmanSwordAttack.fbx using Guid(ddebe15131be44feab0df86b4fa51a3f) Importer(815301076,1909f56bfc062723c751e8b465ee728b)  -> (artifact id: 'b6c59c0c757b1cce582356f9c1ed6795') in 0.395374 seconds 
========================================================================
Received Import Request.
  Time since last request: 0.000409 seconds.
  path: Assets/blender/Teeter.blend
  artifactKey: Guid(d4955c3e658504e40a8ad86ade222fa5) Importer(815301076,1909f56bfc062723c751e8b465ee728b)
Start importing Assets/blender/Teeter.blend using Guid(d4955c3e658504e40a8ad86ade222fa5) Importer(815301076,1909f56bfc062723c751e8b465ee728b)  -> (artifact id: '0c5124a76fddae85af116256407a7c27') in 0.380451 seconds 
========================================================================
Received Import Request.
  Time since last request: 392.472339 seconds.
  path: Assets/Stickman.fbx
  artifactKey: Guid(d13e38670e81e43978b5c65e9f001629) Importer(815301076,1909f56bfc062723c751e8b465ee728b)
Start importing Assets/Stickman.fbx using Guid(d13e38670e81e43978b5c65e9f001629) Importer(815301076,1909f56bfc062723c751e8b465ee728b)  -> (artifact id: '379e9642f5148704ec58656c3dc94c2c') in 0.276706 seconds 
========================================================================
Received Import Request.
  Time since last request: 0.000397 seconds.
  path: Assets/Stickman@Idle.fbx
  artifactKey: Guid(8ae55db5dc2cd43f9a603446089b5cc8) Importer(815301076,1909f56bfc062723c751e8b465ee728b)
Start importing Assets/Stickman@Idle.fbx using Guid(8ae55db5dc2cd43f9a603446089b5cc8) Importer(815301076,1909f56bfc062723c751e8b465ee728b)  -> (artifact id: '9ef8eae96fb57a4fcbf238566b169e3f') in 0.262240 seconds 
========================================================================
Received Import Request.
  Time since last request: 0.000396 seconds.
  path: Assets/White.mat
  artifactKey: Guid(0c7c19bf915a245e8b548e8ab786db15) Importer(815301076,1909f56bfc062723c751e8b465ee728b)
Start importing Assets/White.mat using Guid(0c7c19bf915a245e8b548e8ab786db15) Importer(815301076,1909f56bfc062723c751e8b465ee728b)  -> (artifact id: 'f36fc0aa19439c70632fb4deb24e762b') in 0.017582 seconds 
========================================================================
Received Import Request.
  Time since last request: 0.000604 seconds.
  path: Assets/スクリーンショット 2022-04-03 13.01.49.png
  artifactKey: Guid(b8b2cd4614e00454cb40bb2acd9b61b4) Importer(815301076,1909f56bfc062723c751e8b465ee728b)
Start importing Assets/スクリーンショット 2022-04-03 13.01.49.png using Guid(b8b2cd4614e00454cb40bb2acd9b61b4) Importer(815301076,1909f56bfc062723c751e8b465ee728b)  -> (artifact id: '6cba865853b6a35352c813a294ccaf27') in 0.079067 seconds 
========================================================================
Received Import Request.
  Time since last request: 0.000615 seconds.
  path: Assets/Stickman@Running.fbx
  artifactKey: Guid(c5f91342fb2794b62ac6e61af6e43f04) Importer(815301076,1909f56bfc062723c751e8b465ee728b)
Start importing Assets/Stickman@Running.fbx using Guid(c5f91342fb2794b62ac6e61af6e43f04) Importer(815301076,1909f56bfc062723c751e8b465ee728b)  -> (artifact id: '77ef1708e77b8721d9bf8b5495ff7d0a') in 0.289260 seconds 
========================================================================
Received Import Request.
  Time since last request: 0.000443 seconds.
  path: Assets/Stickman@Cross Punch.fbx
  artifactKey: Guid(ce7fff015019449e98634cf2c810887f) Importer(815301076,1909f56bfc062723c751e8b465ee728b)
Start importing Assets/Stickman@Cross Punch.fbx using Guid(ce7fff015019449e98634cf2c810887f) Importer(815301076,1909f56bfc062723c751e8b465ee728b)  -> (artifact id: '21f17715d7459ad37e1944ebf30ceef3') in 0.234813 seconds 
========================================================================
Received Import Request.
  Time since last request: 0.000464 seconds.
  path: Assets/Stickman@KnifeAction1.fbx
  artifactKey: Guid(e65c01a5c8b94494fa8406c7fd701960) Importer(815301076,1909f56bfc062723c751e8b465ee728b)
Start importing Assets/Stickman@KnifeAction1.fbx using Guid(e65c01a5c8b94494fa8406c7fd701960) Importer(815301076,1909f56bfc062723c751e8b465ee728b)  -> (artifact id: 'bbf9ec97a894d6ef17047f1e72cd8589') in 0.327310 seconds 
========================================================================
Received Import Request.
  Time since last request: 0.000346 seconds.
  path: Assets/ジョーカー.png
  artifactKey: Guid(9568226bcf0b64266af0ec28203c3a15) Importer(815301076,1909f56bfc062723c751e8b465ee728b)
Start importing Assets/ジョーカー.png using Guid(9568226bcf0b64266af0ec28203c3a15) Importer(815301076,1909f56bfc062723c751e8b465ee728b)  -> (artifact id: '480be5918a72fbb4451202721b40ecc3') in 0.043369 seconds 
========================================================================
Received Import Request.
  Time since last request: 11.826772 seconds.
  path: Assets/blender/JOKER'sKnife.obj
  artifactKey: Guid(9f35a57130029461b81055ae8451e335) Importer(815301076,1909f56bfc062723c751e8b465ee728b)
Start importing Assets/blender/JOKER'sKnife.obj using Guid(9f35a57130029461b81055ae8451e335) Importer(815301076,1909f56bfc062723c751e8b465ee728b)  -> (artifact id: '2f23e0f4599e82732545b7cf169d1908') in 0.314715 seconds 
========================================================================
Received Import Request.
  Time since last request: 0.000331 seconds.
  path: Assets/blender/Stickman.obj
  artifactKey: Guid(afd744d896f3f4e108c72f844d88aa65) Importer(815301076,1909f56bfc062723c751e8b465ee728b)
Start importing Assets/blender/Stickman.obj using Guid(afd744d896f3f4e108c72f844d88aa65) Importer(815301076,1909f56bfc062723c751e8b465ee728b)  -> (artifact id: 'ff190fca4ee9af4fe4b98a3e5ec5a408') in 0.182211 seconds 
========================================================================
Received Import Request.
  Time since last request: 0.000355 seconds.
  path: Assets/blender/StickmanEdgeguard.fbx
  artifactKey: Guid(36998a4bbd3f54781943cc22e0558ace) Importer(815301076,1909f56bfc062723c751e8b465ee728b)
Start importing Assets/blender/StickmanEdgeguard.fbx using Guid(36998a4bbd3f54781943cc22e0558ace) Importer(815301076,1909f56bfc062723c751e8b465ee728b)  -> (artifact id: 'a0de84a40df63ff08da402e87884a2b8') in 0.359409 seconds 
========================================================================
Received Import Request.
  Time since last request: 107.005882 seconds.
  path: Assets/Jumping Up.fbx
  artifactKey: Guid(19679ba90fe394b37974d34af5f74c52) Importer(815301076,1909f56bfc062723c751e8b465ee728b)
Start importing Assets/Jumping Up.fbx using Guid(19679ba90fe394b37974d34af5f74c52) Importer(815301076,1909f56bfc062723c751e8b465ee728b)  -> (artifact id: 'b26df65c60a85a058a75b571a521fe0f') in 0.251261 seconds 
========================================================================
Received Import Request.
  Time since last request: 31.868156 seconds.
  path: Assets/StickmanJump.fbx
  artifactKey: Guid(19679ba90fe394b37974d34af5f74c52) Importer(815301076,1909f56bfc062723c751e8b465ee728b)
Start importing Assets/StickmanJump.fbx using Guid(19679ba90fe394b37974d34af5f74c52) Importer(815301076,1909f56bfc062723c751e8b465ee728b)  -> (artifact id: '797932431c8f3723bae42856d5c159db') in 0.327254 seconds 
========================================================================
Received Import Request.
  Time since last request: 129.080215 seconds.
  path: Assets/JokerAnim.controller
  artifactKey: Guid(21a699acba63d4a44bb41e9790b35e07) Importer(815301076,1909f56bfc062723c751e8b465ee728b)
Start importing Assets/JokerAnim.controller using Guid(21a699acba63d4a44bb41e9790b35e07) Importer(815301076,1909f56bfc062723c751e8b465ee728b)  -> (artifact id: '3aceb21d6fbe0feff05f15dd63dc7c68') in 0.322718 seconds 
========================================================================
Received Prepare
Registering precompiled user dll's ...
Registered in 0.002742 seconds.
Begin MonoManager ReloadAssembly
Native extension for OSXStandalone target not found
Refreshing native plugins compatible for Editor in 0.41 ms, found 2 plugins.
Preloading 0 native plugins for Editor in 0.00 ms.
Mono: successfully reloaded assembly
- Completed reload, in  1.637 seconds
Domain Reload Profiling:
	ReloadAssembly (1638ms)
		BeginReloadAssembly (210ms)
			ExecutionOrderSort (0ms)
			DisableScriptedObjects (7ms)
			BackupInstance (0ms)
			ReleaseScriptingObjects (0ms)
			CreateAndSetChildDomain (110ms)
		EndReloadAssembly (1332ms)
			LoadAssemblies (122ms)
			RebuildTransferFunctionScriptingTraits (0ms)
			SetupTypeCache (470ms)
			ReleaseScriptCaches (1ms)
			RebuildScriptCaches (82ms)
			SetupLoadedEditorAssemblies (502ms)
				LogAssemblyErrors (0ms)
				InitializePlatformSupportModulesInManaged (6ms)
				SetLoadedEditorAssemblies (1ms)
				RefreshPlugins (0ms)
				BeforeProcessingInitializeOnLoad (159ms)
				ProcessInitializeOnLoadAttributes (320ms)
				ProcessInitializeOnLoadMethodAttributes (14ms)
				AfterProcessingInitializeOnLoad (1ms)
				EditorAssembliesLoaded (0ms)
			ExecutionOrderSort2 (0ms)
			AwakeInstancesAfterBackupRestoration (10ms)
Platform modules already initialized, skipping
Refreshing native plugins compatible for Editor in 0.40 ms, found 2 plugins.
Preloading 0 native plugins for Editor in 0.00 ms.
Unloading 1504 Unused Serialized files (Serialized files now loaded: 0)
System memory in use before: 223.3 MB.
System memory in use after: 223.4 MB.

Unloading 12 unused Assets to reduce memory usage. Loaded Objects now: 2046.
Total: 3.732970 ms (FindLiveObjects: 0.202608 ms CreateObjectMapping: 0.073167 ms MarkObjects: 3.426184 ms  DeleteObjects: 0.029967 ms)

AssetImportParameters requested are different than current active one (requested -> active):
  custom:video-decoder-ogg-theora: a1e56fd34408186e4bbccfd4996cb3dc -> 
  custom:container-muxer-webm: aa71ff27fc2769a1b78a27578f13a17b -> 
  custom:container-demuxer-webm: 4f35f7cbe854078d1ac9338744f61a02 -> 
  custom:container-demuxer-ogg: 62fdf1f143b41e24485cea50d1cbac27 -> 
  custom:video-encoder-webm-vp8: eb34c28f22e8b96e1ab97ce403110664 -> 
  custom:framework-osx-AVFoundation: b23960f63f64bdc6ff669e2cdcee2391 -> 
  custom:video-decoder-webm-vp8: 9c59270c3fd7afecdb556c50c9e8de78 -> 
  custom:audio-decoder-ogg-vorbis: bf7c407c2cedff20999df2af8eb42d56 -> 
  custom:audio-encoder-webm-vorbis: bf7c407c2cedff20999df2af8eb42d56 -> 
========================================================================
Received Prepare
Registering precompiled user dll's ...
Registered in 0.006816 seconds.
Begin MonoManager ReloadAssembly
Native extension for OSXStandalone target not found
Refreshing native plugins compatible for Editor in 0.43 ms, found 2 plugins.
Preloading 0 native plugins for Editor in 0.00 ms.
Mono: successfully reloaded assembly
- Completed reload, in  1.893 seconds
Domain Reload Profiling:
	ReloadAssembly (1894ms)
		BeginReloadAssembly (287ms)
			ExecutionOrderSort (0ms)
			DisableScriptedObjects (38ms)
			BackupInstance (0ms)
			ReleaseScriptingObjects (0ms)
			CreateAndSetChildDomain (105ms)
		EndReloadAssembly (1508ms)
			LoadAssemblies (189ms)
			RebuildTransferFunctionScriptingTraits (0ms)
			SetupTypeCache (528ms)
			ReleaseScriptCaches (1ms)
			RebuildScriptCaches (88ms)
			SetupLoadedEditorAssemblies (568ms)
				LogAssemblyErrors (0ms)
				InitializePlatformSupportModulesInManaged (8ms)
				SetLoadedEditorAssemblies (1ms)
				RefreshPlugins (0ms)
				BeforeProcessingInitializeOnLoad (172ms)
				ProcessInitializeOnLoadAttributes (367ms)
				ProcessInitializeOnLoadMethodAttributes (18ms)
				AfterProcessingInitializeOnLoad (1ms)
				EditorAssembliesLoaded (0ms)
			ExecutionOrderSort2 (0ms)
			AwakeInstancesAfterBackupRestoration (11ms)
Platform modules already initialized, skipping
Refreshing native plugins compatible for Editor in 0.41 ms, found 2 plugins.
Preloading 0 native plugins for Editor in 0.00 ms.
Unloading 1504 Unused Serialized files (Serialized files now loaded: 0)
System memory in use before: 223.6 MB.
System memory in use after: 223.7 MB.

Unloading 11 unused Assets to reduce memory usage. Loaded Objects now: 2049.
Total: 3.760380 ms (FindLiveObjects: 0.192885 ms CreateObjectMapping: 0.072350 ms MarkObjects: 3.465075 ms  DeleteObjects: 0.028835 ms)

AssetImportParameters requested are different than current active one (requested -> active):
  custom:video-decoder-ogg-theora: a1e56fd34408186e4bbccfd4996cb3dc -> 
  custom:container-muxer-webm: aa71ff27fc2769a1b78a27578f13a17b -> 
  custom:container-demuxer-webm: 4f35f7cbe854078d1ac9338744f61a02 -> 
  custom:container-demuxer-ogg: 62fdf1f143b41e24485cea50d1cbac27 -> 
  custom:video-encoder-webm-vp8: eb34c28f22e8b96e1ab97ce403110664 -> 
  custom:framework-osx-AVFoundation: b23960f63f64bdc6ff669e2cdcee2391 -> 
  custom:video-decoder-webm-vp8: 9c59270c3fd7afecdb556c50c9e8de78 -> 
  custom:audio-decoder-ogg-vorbis: bf7c407c2cedff20999df2af8eb42d56 -> 
  custom:audio-encoder-webm-vorbis: bf7c407c2cedff20999df2af8eb42d56 -> 
========================================================================
Received Prepare
Registering precompiled user dll's ...
Registered in 0.001362 seconds.
Begin MonoManager ReloadAssembly
Native extension for OSXStandalone target not found
Refreshing native plugins compatible for Editor in 0.40 ms, found 2 plugins.
Preloading 0 native plugins for Editor in 0.00 ms.
Mono: successfully reloaded assembly
- Completed reload, in  1.771 seconds
Domain Reload Profiling:
	ReloadAssembly (1772ms)
		BeginReloadAssembly (176ms)
			ExecutionOrderSort (0ms)
			DisableScriptedObjects (7ms)
			BackupInstance (0ms)
			ReleaseScriptingObjects (0ms)
			CreateAndSetChildDomain (88ms)
		EndReloadAssembly (1489ms)
			LoadAssemblies (116ms)
			RebuildTransferFunctionScriptingTraits (0ms)
			SetupTypeCache (526ms)
			ReleaseScriptCaches (1ms)
			RebuildScriptCaches (96ms)
			SetupLoadedEditorAssemblies (544ms)
				LogAssemblyErrors (0ms)
				InitializePlatformSupportModulesInManaged (7ms)
				SetLoadedEditorAssemblies (1ms)
				RefreshPlugins (0ms)
				BeforeProcessingInitializeOnLoad (177ms)
				ProcessInitializeOnLoadAttributes (340ms)
				ProcessInitializeOnLoadMethodAttributes (16ms)
				AfterProcessingInitializeOnLoad (1ms)
				EditorAssembliesLoaded (0ms)
			ExecutionOrderSort2 (0ms)
			AwakeInstancesAfterBackupRestoration (12ms)
Platform modules already initialized, skipping
Refreshing native plugins compatible for Editor in 0.50 ms, found 2 plugins.
Preloading 0 native plugins for Editor in 0.00 ms.
Unloading 1504 Unused Serialized files (Serialized files now loaded: 0)
System memory in use before: 223.8 MB.
System memory in use after: 223.9 MB.

Unloading 11 unused Assets to reduce memory usage. Loaded Objects now: 2052.
Total: 3.654366 ms (FindLiveObjects: 0.169537 ms CreateObjectMapping: 0.068025 ms MarkObjects: 3.391697 ms  DeleteObjects: 0.024157 ms)

AssetImportParameters requested are different than current active one (requested -> active):
  custom:video-decoder-ogg-theora: a1e56fd34408186e4bbccfd4996cb3dc -> 
  custom:container-muxer-webm: aa71ff27fc2769a1b78a27578f13a17b -> 
  custom:container-demuxer-webm: 4f35f7cbe854078d1ac9338744f61a02 -> 
  custom:container-demuxer-ogg: 62fdf1f143b41e24485cea50d1cbac27 -> 
  custom:video-encoder-webm-vp8: eb34c28f22e8b96e1ab97ce403110664 -> 
  custom:framework-osx-AVFoundation: b23960f63f64bdc6ff669e2cdcee2391 -> 
  custom:video-decoder-webm-vp8: 9c59270c3fd7afecdb556c50c9e8de78 -> 
  custom:audio-decoder-ogg-vorbis: bf7c407c2cedff20999df2af8eb42d56 -> 
  custom:audio-encoder-webm-vorbis: bf7c407c2cedff20999df2af8eb42d56 -> 
========================================================================
Received Prepare
Registering precompiled user dll's ...
Registered in 0.001667 seconds.
Begin MonoManager ReloadAssembly
Native extension for OSXStandalone target not found
Refreshing native plugins compatible for Editor in 0.38 ms, found 2 plugins.
Preloading 0 native plugins for Editor in 0.00 ms.
Mono: successfully reloaded assembly
- Completed reload, in  1.661 seconds
Domain Reload Profiling:
	ReloadAssembly (1662ms)
		BeginReloadAssembly (148ms)
			ExecutionOrderSort (0ms)
			DisableScriptedObjects (6ms)
			BackupInstance (0ms)
			ReleaseScriptingObjects (0ms)
			CreateAndSetChildDomain (68ms)
		EndReloadAssembly (1431ms)
			LoadAssemblies (105ms)
			RebuildTransferFunctionScriptingTraits (0ms)
			SetupTypeCache (482ms)
			ReleaseScriptCaches (1ms)
			RebuildScriptCaches (87ms)
			SetupLoadedEditorAssemblies (564ms)
				LogAssemblyErrors (0ms)
				InitializePlatformSupportModulesInManaged (6ms)
				SetLoadedEditorAssemblies (1ms)
				RefreshPlugins (0ms)
				BeforeProcessingInitializeOnLoad (166ms)
				ProcessInitializeOnLoadAttributes (361ms)
				ProcessInitializeOnLoadMethodAttributes (26ms)
				AfterProcessingInitializeOnLoad (3ms)
				EditorAssembliesLoaded (1ms)
			ExecutionOrderSort2 (0ms)
			AwakeInstancesAfterBackupRestoration (22ms)
Platform modules already initialized, skipping
Refreshing native plugins compatible for Editor in 0.48 ms, found 2 plugins.
Preloading 0 native plugins for Editor in 0.00 ms.
Unloading 1504 Unused Serialized files (Serialized files now loaded: 0)
System memory in use before: 224.0 MB.
System memory in use after: 224.1 MB.

Unloading 11 unused Assets to reduce memory usage. Loaded Objects now: 2055.
Total: 4.069668 ms (FindLiveObjects: 0.178372 ms CreateObjectMapping: 0.074535 ms MarkObjects: 3.791241 ms  DeleteObjects: 0.024523 ms)

AssetImportParameters requested are different than current active one (requested -> active):
  custom:video-decoder-ogg-theora: a1e56fd34408186e4bbccfd4996cb3dc -> 
  custom:container-muxer-webm: aa71ff27fc2769a1b78a27578f13a17b -> 
  custom:container-demuxer-webm: 4f35f7cbe854078d1ac9338744f61a02 -> 
  custom:container-demuxer-ogg: 62fdf1f143b41e24485cea50d1cbac27 -> 
  custom:video-encoder-webm-vp8: eb34c28f22e8b96e1ab97ce403110664 -> 
  custom:framework-osx-AVFoundation: b23960f63f64bdc6ff669e2cdcee2391 -> 
  custom:video-decoder-webm-vp8: 9c59270c3fd7afecdb556c50c9e8de78 -> 
  custom:audio-decoder-ogg-vorbis: bf7c407c2cedff20999df2af8eb42d56 -> 
  custom:audio-encoder-webm-vorbis: bf7c407c2cedff20999df2af8eb42d56 -> 
========================================================================
Received Import Request.
  Time since last request: 292.367830 seconds.
  path: Assets/StickmanJump.fbx
  artifactKey: Guid(19679ba90fe394b37974d34af5f74c52) Importer(815301076,1909f56bfc062723c751e8b465ee728b)
Start importing Assets/StickmanJump.fbx using Guid(19679ba90fe394b37974d34af5f74c52) Importer(815301076,1909f56bfc062723c751e8b465ee728b)  -> (artifact id: 'f82d6e522245cd00f526ce66d1f42c14') in 0.338472 seconds 
========================================================================
Received Import Request.
  Time since last request: 9.752964 seconds.
  path: Assets/StickmanJump.fbx
  artifactKey: Guid(19679ba90fe394b37974d34af5f74c52) Importer(815301076,1909f56bfc062723c751e8b465ee728b)
Start importing Assets/StickmanJump.fbx using Guid(19679ba90fe394b37974d34af5f74c52) Importer(815301076,1909f56bfc062723c751e8b465ee728b)  -> (artifact id: 'bfa9893b9642a2821d39afdfbefed6ce') in 0.330740 seconds 
========================================================================
Received Import Request.
  Time since last request: 46.490522 seconds.
  path: Assets/StickmanJump.fbx
  artifactKey: Guid(19679ba90fe394b37974d34af5f74c52) Importer(815301076,1909f56bfc062723c751e8b465ee728b)
Start importing Assets/StickmanJump.fbx using Guid(19679ba90fe394b37974d34af5f74c52) Importer(815301076,1909f56bfc062723c751e8b465ee728b)  -> (artifact id: 'fd2302de7d330145e6d3d1118e943e9f') in 0.321587 seconds 
========================================================================
Received Prepare
Registering precompiled user dll's ...
Registered in 0.009748 seconds.
Begin MonoManager ReloadAssembly
Native extension for OSXStandalone target not found
Refreshing native plugins compatible for Editor in 0.36 ms, found 2 plugins.
Preloading 0 native plugins for Editor in 0.00 ms.
Mono: successfully reloaded assembly
- Completed reload, in  1.885 seconds
Domain Reload Profiling:
	ReloadAssembly (1886ms)
		BeginReloadAssembly (268ms)
			ExecutionOrderSort (0ms)
			DisableScriptedObjects (12ms)
			BackupInstance (0ms)
			ReleaseScriptingObjects (0ms)
			CreateAndSetChildDomain (103ms)
		EndReloadAssembly (1479ms)
			LoadAssemblies (213ms)
			RebuildTransferFunctionScriptingTraits (0ms)
			SetupTypeCache (543ms)
			ReleaseScriptCaches (1ms)
			RebuildScriptCaches (90ms)
			SetupLoadedEditorAssemblies (519ms)
				LogAssemblyErrors (0ms)
				InitializePlatformSupportModulesInManaged (8ms)
				SetLoadedEditorAssemblies (1ms)
				RefreshPlugins (0ms)
				BeforeProcessingInitializeOnLoad (163ms)
				ProcessInitializeOnLoadAttributes (327ms)
				ProcessInitializeOnLoadMethodAttributes (19ms)
				AfterProcessingInitializeOnLoad (1ms)
				EditorAssembliesLoaded (1ms)
			ExecutionOrderSort2 (0ms)
			AwakeInstancesAfterBackupRestoration (13ms)
Platform modules already initialized, skipping
Refreshing native plugins compatible for Editor in 0.41 ms, found 2 plugins.
Preloading 0 native plugins for Editor in 0.00 ms.
Unloading 1504 Unused Serialized files (Serialized files now loaded: 0)
System memory in use before: 224.2 MB.
System memory in use after: 224.3 MB.

Unloading 11 unused Assets to reduce memory usage. Loaded Objects now: 2059.
Total: 4.838561 ms (FindLiveObjects: 0.165862 ms CreateObjectMapping: 0.067393 ms MarkObjects: 4.562128 ms  DeleteObjects: 0.041651 ms)

AssetImportParameters requested are different than current active one (requested -> active):
  custom:video-decoder-ogg-theora: a1e56fd34408186e4bbccfd4996cb3dc -> 
  custom:container-muxer-webm: aa71ff27fc2769a1b78a27578f13a17b -> 
  custom:container-demuxer-webm: 4f35f7cbe854078d1ac9338744f61a02 -> 
  custom:container-demuxer-ogg: 62fdf1f143b41e24485cea50d1cbac27 -> 
  custom:video-encoder-webm-vp8: eb34c28f22e8b96e1ab97ce403110664 -> 
  custom:framework-osx-AVFoundation: b23960f63f64bdc6ff669e2cdcee2391 -> 
  custom:video-decoder-webm-vp8: 9c59270c3fd7afecdb556c50c9e8de78 -> 
  custom:audio-decoder-ogg-vorbis: bf7c407c2cedff20999df2af8eb42d56 -> 
  custom:audio-encoder-webm-vorbis: bf7c407c2cedff20999df2af8eb42d56 -> 
========================================================================
Received Prepare
Registering precompiled user dll's ...
Registered in 0.001420 seconds.
Begin MonoManager ReloadAssembly
Native extension for OSXStandalone target not found
Refreshing native plugins compatible for Editor in 0.39 ms, found 2 plugins.
Preloading 0 native plugins for Editor in 0.00 ms.
Mono: successfully reloaded assembly
- Completed reload, in  1.621 seconds
Domain Reload Profiling:
	ReloadAssembly (1622ms)
		BeginReloadAssembly (163ms)
			ExecutionOrderSort (0ms)
			DisableScriptedObjects (7ms)
			BackupInstance (0ms)
			ReleaseScriptingObjects (0ms)
			CreateAndSetChildDomain (78ms)
		EndReloadAssembly (1368ms)
			LoadAssemblies (108ms)
			RebuildTransferFunctionScriptingTraits (0ms)
			SetupTypeCache (512ms)
			ReleaseScriptCaches (1ms)
			RebuildScriptCaches (82ms)
			SetupLoadedEditorAssemblies (500ms)
				LogAssemblyErrors (0ms)
				InitializePlatformSupportModulesInManaged (7ms)
				SetLoadedEditorAssemblies (1ms)
				RefreshPlugins (1ms)
				BeforeProcessingInitializeOnLoad (172ms)
				ProcessInitializeOnLoadAttributes (304ms)
				ProcessInitializeOnLoadMethodAttributes (14ms)
				AfterProcessingInitializeOnLoad (1ms)
				EditorAssembliesLoaded (0ms)
			ExecutionOrderSort2 (0ms)
			AwakeInstancesAfterBackupRestoration (10ms)
Platform modules already initialized, skipping
Refreshing native plugins compatible for Editor in 0.38 ms, found 2 plugins.
Preloading 0 native plugins for Editor in 0.00 ms.
Unloading 1504 Unused Serialized files (Serialized files now loaded: 0)
System memory in use before: 224.4 MB.
System memory in use after: 224.5 MB.

Unloading 11 unused Assets to reduce memory usage. Loaded Objects now: 2062.
Total: 3.332668 ms (FindLiveObjects: 0.169528 ms CreateObjectMapping: 0.070749 ms MarkObjects: 3.069137 ms  DeleteObjects: 0.022148 ms)

AssetImportParameters requested are different than current active one (requested -> active):
  custom:video-decoder-ogg-theora: a1e56fd34408186e4bbccfd4996cb3dc -> 
  custom:container-muxer-webm: aa71ff27fc2769a1b78a27578f13a17b -> 
  custom:container-demuxer-webm: 4f35f7cbe854078d1ac9338744f61a02 -> 
  custom:container-demuxer-ogg: 62fdf1f143b41e24485cea50d1cbac27 -> 
  custom:video-encoder-webm-vp8: eb34c28f22e8b96e1ab97ce403110664 -> 
  custom:framework-osx-AVFoundation: b23960f63f64bdc6ff669e2cdcee2391 -> 
  custom:video-decoder-webm-vp8: 9c59270c3fd7afecdb556c50c9e8de78 -> 
  custom:audio-decoder-ogg-vorbis: bf7c407c2cedff20999df2af8eb42d56 -> 
  custom:audio-encoder-webm-vorbis: bf7c407c2cedff20999df2af8eb42d56 -> 
========================================================================
Received Prepare
Registering precompiled user dll's ...
Registered in 0.004389 seconds.
Begin MonoManager ReloadAssembly
Native extension for OSXStandalone target not found
Refreshing native plugins compatible for Editor in 0.49 ms, found 2 plugins.
Preloading 0 native plugins for Editor in 0.00 ms.
Mono: successfully reloaded assembly
- Completed reload, in  4.673 seconds
Domain Reload Profiling:
	ReloadAssembly (4675ms)
		BeginReloadAssembly (510ms)
			ExecutionOrderSort (0ms)
			DisableScriptedObjects (13ms)
			BackupInstance (0ms)
			ReleaseScriptingObjects (0ms)
			CreateAndSetChildDomain (208ms)
		EndReloadAssembly (3890ms)
			LoadAssemblies (429ms)
			RebuildTransferFunctionScriptingTraits (0ms)
			SetupTypeCache (1172ms)
			ReleaseScriptCaches (1ms)
			RebuildScriptCaches (186ms)
			SetupLoadedEditorAssemblies (1718ms)
				LogAssemblyErrors (0ms)
				InitializePlatformSupportModulesInManaged (15ms)
				SetLoadedEditorAssemblies (1ms)
				RefreshPlugins (1ms)
				BeforeProcessingInitializeOnLoad (427ms)
				ProcessInitializeOnLoadAttributes (1138ms)
				ProcessInitializeOnLoadMethodAttributes (133ms)
				AfterProcessingInitializeOnLoad (2ms)
				EditorAssembliesLoaded (2ms)
			ExecutionOrderSort2 (0ms)
			AwakeInstancesAfterBackupRestoration (42ms)
Platform modules already initialized, skipping
Refreshing native plugins compatible for Editor in 1.05 ms, found 2 plugins.
Preloading 0 native plugins for Editor in 0.00 ms.
Unloading 1504 Unused Serialized files (Serialized files now loaded: 0)
System memory in use before: 224.5 MB.
System memory in use after: 224.6 MB.

Unloading 11 unused Assets to reduce memory usage. Loaded Objects now: 2065.
Total: 5.404302 ms (FindLiveObjects: 0.201950 ms CreateObjectMapping: 0.089503 ms MarkObjects: 5.079822 ms  DeleteObjects: 0.031195 ms)

AssetImportParameters requested are different than current active one (requested -> active):
  custom:video-decoder-ogg-theora: a1e56fd34408186e4bbccfd4996cb3dc -> 
  custom:container-muxer-webm: aa71ff27fc2769a1b78a27578f13a17b -> 
  custom:container-demuxer-webm: 4f35f7cbe854078d1ac9338744f61a02 -> 
  custom:container-demuxer-ogg: 62fdf1f143b41e24485cea50d1cbac27 -> 
  custom:video-encoder-webm-vp8: eb34c28f22e8b96e1ab97ce403110664 -> 
  custom:framework-osx-AVFoundation: b23960f63f64bdc6ff669e2cdcee2391 -> 
  custom:video-decoder-webm-vp8: 9c59270c3fd7afecdb556c50c9e8de78 -> 
  custom:audio-decoder-ogg-vorbis: bf7c407c2cedff20999df2af8eb42d56 -> 
  custom:audio-encoder-webm-vorbis: bf7c407c2cedff20999df2af8eb42d56 -> 
========================================================================
Received Import Request.
  Time since last request: 768.816681 seconds.
  path: Assets/StickmanFall.fbx
  artifactKey: Guid(ed09308cb15fc4810acfce23bb290217) Importer(815301076,1909f56bfc062723c751e8b465ee728b)
Start importing Assets/StickmanFall.fbx using Guid(ed09308cb15fc4810acfce23bb290217) Importer(815301076,1909f56bfc062723c751e8b465ee728b)  -> (artifact id: '49431b2968bdbe47a05979d558fb6822') in 0.694667 seconds 
========================================================================
Received Import Request.
  Time since last request: 55.423268 seconds.
  path: Assets/StickmanFall.fbx
  artifactKey: Guid(ed09308cb15fc4810acfce23bb290217) Importer(815301076,1909f56bfc062723c751e8b465ee728b)
Start importing Assets/StickmanFall.fbx using Guid(ed09308cb15fc4810acfce23bb290217) Importer(815301076,1909f56bfc062723c751e8b465ee728b)  -> (artifact id: '88d98153ac842358a23d813e6423cc02') in 0.349035 seconds 
========================================================================
Received Import Request.
  Time since last request: 10.281625 seconds.
  path: Assets/StickmanFall.fbx
  artifactKey: Guid(ed09308cb15fc4810acfce23bb290217) Importer(815301076,1909f56bfc062723c751e8b465ee728b)
Start importing Assets/StickmanFall.fbx using Guid(ed09308cb15fc4810acfce23bb290217) Importer(815301076,1909f56bfc062723c751e8b465ee728b)  -> (artifact id: '882cd2d7722b4e9ec9eb87682fce5927') in 0.330563 seconds 
========================================================================
Received Prepare
Registering precompiled user dll's ...
Registered in 0.002563 seconds.
Begin MonoManager ReloadAssembly
Native extension for OSXStandalone target not found
Refreshing native plugins compatible for Editor in 0.40 ms, found 2 plugins.
Preloading 0 native plugins for Editor in 0.00 ms.
Mono: successfully reloaded assembly
- Completed reload, in  1.576 seconds
Domain Reload Profiling:
	ReloadAssembly (1576ms)
		BeginReloadAssembly (195ms)
			ExecutionOrderSort (0ms)
			DisableScriptedObjects (7ms)
			BackupInstance (0ms)
			ReleaseScriptingObjects (0ms)
			CreateAndSetChildDomain (93ms)
		EndReloadAssembly (1281ms)
			LoadAssemblies (129ms)
			RebuildTransferFunctionScriptingTraits (0ms)
			SetupTypeCache (468ms)
			ReleaseScriptCaches (1ms)
			RebuildScriptCaches (72ms)
			SetupLoadedEditorAssemblies (474ms)
				LogAssemblyErrors (0ms)
				InitializePlatformSupportModulesInManaged (6ms)
				SetLoadedEditorAssemblies (1ms)
				RefreshPlugins (0ms)
				BeforeProcessingInitializeOnLoad (153ms)
				ProcessInitializeOnLoadAttributes (299ms)
				ProcessInitializeOnLoadMethodAttributes (13ms)
				AfterProcessingInitializeOnLoad (2ms)
				EditorAssembliesLoaded (0ms)
			ExecutionOrderSort2 (0ms)
			AwakeInstancesAfterBackupRestoration (10ms)
Platform modules already initialized, skipping
Refreshing native plugins compatible for Editor in 0.48 ms, found 2 plugins.
Preloading 0 native plugins for Editor in 0.00 ms.
Unloading 1504 Unused Serialized files (Serialized files now loaded: 0)
System memory in use before: 224.7 MB.
System memory in use after: 224.8 MB.

Unloading 11 unused Assets to reduce memory usage. Loaded Objects now: 2069.
Total: 4.002796 ms (FindLiveObjects: 0.204304 ms CreateObjectMapping: 0.077572 ms MarkObjects: 3.683437 ms  DeleteObjects: 0.036357 ms)

AssetImportParameters requested are different than current active one (requested -> active):
  custom:video-decoder-ogg-theora: a1e56fd34408186e4bbccfd4996cb3dc -> 
  custom:container-muxer-webm: aa71ff27fc2769a1b78a27578f13a17b -> 
  custom:container-demuxer-webm: 4f35f7cbe854078d1ac9338744f61a02 -> 
  custom:container-demuxer-ogg: 62fdf1f143b41e24485cea50d1cbac27 -> 
  custom:video-encoder-webm-vp8: eb34c28f22e8b96e1ab97ce403110664 -> 
  custom:framework-osx-AVFoundation: b23960f63f64bdc6ff669e2cdcee2391 -> 
  custom:video-decoder-webm-vp8: 9c59270c3fd7afecdb556c50c9e8de78 -> 
  custom:audio-decoder-ogg-vorbis: bf7c407c2cedff20999df2af8eb42d56 -> 
  custom:audio-encoder-webm-vorbis: bf7c407c2cedff20999df2af8eb42d56 -> 
========================================================================
Received Prepare
Registering precompiled user dll's ...
Registered in 0.002804 seconds.
Begin MonoManager ReloadAssembly
Native extension for OSXStandalone target not found
Refreshing native plugins compatible for Editor in 0.38 ms, found 2 plugins.
Preloading 0 native plugins for Editor in 0.00 ms.
Mono: successfully reloaded assembly
- Completed reload, in  1.500 seconds
Domain Reload Profiling:
	ReloadAssembly (1501ms)
		BeginReloadAssembly (237ms)
			ExecutionOrderSort (0ms)
			DisableScriptedObjects (9ms)
			BackupInstance (0ms)
			ReleaseScriptingObjects (0ms)
			CreateAndSetChildDomain (127ms)
		EndReloadAssembly (1165ms)
			LoadAssemblies (115ms)
			RebuildTransferFunctionScriptingTraits (0ms)
			SetupTypeCache (423ms)
			ReleaseScriptCaches (1ms)
			RebuildScriptCaches (67ms)
			SetupLoadedEditorAssemblies (426ms)
				LogAssemblyErrors (0ms)
				InitializePlatformSupportModulesInManaged (6ms)
				SetLoadedEditorAssemblies (1ms)
				RefreshPlugins (0ms)
				BeforeProcessingInitializeOnLoad (136ms)
				ProcessInitializeOnLoadAttributes (270ms)
				ProcessInitializeOnLoadMethodAttributes (12ms)
				AfterProcessingInitializeOnLoad (1ms)
				EditorAssembliesLoaded (0ms)
			ExecutionOrderSort2 (0ms)
			AwakeInstancesAfterBackupRestoration (9ms)
Platform modules already initialized, skipping
Refreshing native plugins compatible for Editor in 0.46 ms, found 2 plugins.
Preloading 0 native plugins for Editor in 0.00 ms.
Unloading 1504 Unused Serialized files (Serialized files now loaded: 0)
System memory in use before: 224.9 MB.
System memory in use after: 225.0 MB.

Unloading 11 unused Assets to reduce memory usage. Loaded Objects now: 2072.
Total: 4.115130 ms (FindLiveObjects: 0.202247 ms CreateObjectMapping: 0.075398 ms MarkObjects: 3.808162 ms  DeleteObjects: 0.028334 ms)

AssetImportParameters requested are different than current active one (requested -> active):
  custom:video-decoder-ogg-theora: a1e56fd34408186e4bbccfd4996cb3dc -> 
  custom:container-muxer-webm: aa71ff27fc2769a1b78a27578f13a17b -> 
  custom:container-demuxer-webm: 4f35f7cbe854078d1ac9338744f61a02 -> 
  custom:container-demuxer-ogg: 62fdf1f143b41e24485cea50d1cbac27 -> 
  custom:video-encoder-webm-vp8: eb34c28f22e8b96e1ab97ce403110664 -> 
  custom:framework-osx-AVFoundation: b23960f63f64bdc6ff669e2cdcee2391 -> 
  custom:video-decoder-webm-vp8: 9c59270c3fd7afecdb556c50c9e8de78 -> 
  custom:audio-decoder-ogg-vorbis: bf7c407c2cedff20999df2af8eb42d56 -> 
  custom:audio-encoder-webm-vorbis: bf7c407c2cedff20999df2af8eb42d56 -> 
========================================================================
Received Prepare
Registering precompiled user dll's ...
Registered in 0.002685 seconds.
Begin MonoManager ReloadAssembly
Native extension for OSXStandalone target not found
Refreshing native plugins compatible for Editor in 0.40 ms, found 2 plugins.
Preloading 0 native plugins for Editor in 0.00 ms.
Mono: successfully reloaded assembly
- Completed reload, in  1.683 seconds
Domain Reload Profiling:
	ReloadAssembly (1685ms)
		BeginReloadAssembly (271ms)
			ExecutionOrderSort (0ms)
			DisableScriptedObjects (14ms)
			BackupInstance (0ms)
			ReleaseScriptingObjects (0ms)
			CreateAndSetChildDomain (139ms)
		EndReloadAssembly (1315ms)
			LoadAssemblies (154ms)
			RebuildTransferFunctionScriptingTraits (0ms)
			SetupTypeCache (456ms)
			ReleaseScriptCaches (1ms)
			RebuildScriptCaches (100ms)
			SetupLoadedEditorAssemblies (469ms)
				LogAssemblyErrors (0ms)
				InitializePlatformSupportModulesInManaged (9ms)
				SetLoadedEditorAssemblies (1ms)
				RefreshPlugins (0ms)
				BeforeProcessingInitializeOnLoad (154ms)
				ProcessInitializeOnLoadAttributes (289ms)
				ProcessInitializeOnLoadMethodAttributes (14ms)
				AfterProcessingInitializeOnLoad (1ms)
				EditorAssembliesLoaded (0ms)
			ExecutionOrderSort2 (0ms)
			AwakeInstancesAfterBackupRestoration (10ms)
Platform modules already initialized, skipping
Refreshing native plugins compatible for Editor in 0.48 ms, found 2 plugins.
Preloading 0 native plugins for Editor in 0.00 ms.
Unloading 1504 Unused Serialized files (Serialized files now loaded: 0)
System memory in use before: 225.0 MB.
System memory in use after: 225.1 MB.

Unloading 11 unused Assets to reduce memory usage. Loaded Objects now: 2075.
Total: 4.171178 ms (FindLiveObjects: 0.183148 ms CreateObjectMapping: 0.074014 ms MarkObjects: 3.859774 ms  DeleteObjects: 0.052841 ms)

AssetImportParameters requested are different than current active one (requested -> active):
  custom:video-decoder-ogg-theora: a1e56fd34408186e4bbccfd4996cb3dc -> 
  custom:container-muxer-webm: aa71ff27fc2769a1b78a27578f13a17b -> 
  custom:container-demuxer-webm: 4f35f7cbe854078d1ac9338744f61a02 -> 
  custom:container-demuxer-ogg: 62fdf1f143b41e24485cea50d1cbac27 -> 
  custom:video-encoder-webm-vp8: eb34c28f22e8b96e1ab97ce403110664 -> 
  custom:framework-osx-AVFoundation: b23960f63f64bdc6ff669e2cdcee2391 -> 
  custom:video-decoder-webm-vp8: 9c59270c3fd7afecdb556c50c9e8de78 -> 
  custom:audio-decoder-ogg-vorbis: bf7c407c2cedff20999df2af8eb42d56 -> 
  custom:audio-encoder-webm-vorbis: bf7c407c2cedff20999df2af8eb42d56 -> 
========================================================================
Received Prepare
Registering precompiled user dll's ...
Registered in 0.002751 seconds.
Begin MonoManager ReloadAssembly
Native extension for OSXStandalone target not found
Refreshing native plugins compatible for Editor in 0.51 ms, found 2 plugins.
Preloading 0 native plugins for Editor in 0.00 ms.
Mono: successfully reloaded assembly
- Completed reload, in  1.775 seconds
Domain Reload Profiling:
	ReloadAssembly (1776ms)
		BeginReloadAssembly (358ms)
			ExecutionOrderSort (0ms)
			DisableScriptedObjects (22ms)
			BackupInstance (0ms)
			ReleaseScriptingObjects (0ms)
			CreateAndSetChildDomain (191ms)
		EndReloadAssembly (1314ms)
			LoadAssemblies (162ms)
			RebuildTransferFunctionScriptingTraits (0ms)
			SetupTypeCache (469ms)
			ReleaseScriptCaches (1ms)
			RebuildScriptCaches (78ms)
			SetupLoadedEditorAssemblies (487ms)
				LogAssemblyErrors (0ms)
				InitializePlatformSupportModulesInManaged (7ms)
				SetLoadedEditorAssemblies (1ms)
				RefreshPlugins (1ms)
				BeforeProcessingInitializeOnLoad (160ms)
				ProcessInitializeOnLoadAttributes (304ms)
				ProcessInitializeOnLoadMethodAttributes (13ms)
				AfterProcessingInitializeOnLoad (1ms)
				EditorAssembliesLoaded (0ms)
			ExecutionOrderSort2 (0ms)
			AwakeInstancesAfterBackupRestoration (10ms)
Platform modules already initialized, skipping
Refreshing native plugins compatible for Editor in 0.74 ms, found 2 plugins.
Preloading 0 native plugins for Editor in 0.00 ms.
Unloading 1504 Unused Serialized files (Serialized files now loaded: 0)
System memory in use before: 225.2 MB.
System memory in use after: 225.3 MB.

Unloading 11 unused Assets to reduce memory usage. Loaded Objects now: 2078.
Total: 4.359869 ms (FindLiveObjects: 0.323363 ms CreateObjectMapping: 0.246032 ms MarkObjects: 3.761256 ms  DeleteObjects: 0.027809 ms)

AssetImportParameters requested are different than current active one (requested -> active):
  custom:video-decoder-ogg-theora: a1e56fd34408186e4bbccfd4996cb3dc -> 
  custom:container-muxer-webm: aa71ff27fc2769a1b78a27578f13a17b -> 
  custom:container-demuxer-webm: 4f35f7cbe854078d1ac9338744f61a02 -> 
  custom:container-demuxer-ogg: 62fdf1f143b41e24485cea50d1cbac27 -> 
  custom:video-encoder-webm-vp8: eb34c28f22e8b96e1ab97ce403110664 -> 
  custom:framework-osx-AVFoundation: b23960f63f64bdc6ff669e2cdcee2391 -> 
  custom:video-decoder-webm-vp8: 9c59270c3fd7afecdb556c50c9e8de78 -> 
  custom:audio-decoder-ogg-vorbis: bf7c407c2cedff20999df2af8eb42d56 -> 
  custom:audio-encoder-webm-vorbis: bf7c407c2cedff20999df2af8eb42d56 -> 
========================================================================
Received Prepare
Registering precompiled user dll's ...
Registered in 0.002876 seconds.
Begin MonoManager ReloadAssembly
Native extension for OSXStandalone target not found
Refreshing native plugins compatible for Editor in 0.41 ms, found 2 plugins.
Preloading 0 native plugins for Editor in 0.00 ms.
Mono: successfully reloaded assembly
- Completed reload, in  1.571 seconds
Domain Reload Profiling:
	ReloadAssembly (1573ms)
		BeginReloadAssembly (252ms)
			ExecutionOrderSort (0ms)
			DisableScriptedObjects (9ms)
			BackupInstance (0ms)
			ReleaseScriptingObjects (0ms)
			CreateAndSetChildDomain (124ms)
		EndReloadAssembly (1236ms)
			LoadAssemblies (129ms)
			RebuildTransferFunctionScriptingTraits (0ms)
			SetupTypeCache (424ms)
			ReleaseScriptCaches (1ms)
			RebuildScriptCaches (76ms)
			SetupLoadedEditorAssemblies (477ms)
				LogAssemblyErrors (0ms)
				InitializePlatformSupportModulesInManaged (7ms)
				SetLoadedEditorAssemblies (1ms)
				RefreshPlugins (0ms)
				BeforeProcessingInitializeOnLoad (153ms)
				ProcessInitializeOnLoadAttributes (300ms)
				ProcessInitializeOnLoadMethodAttributes (13ms)
				AfterProcessingInitializeOnLoad (1ms)
				EditorAssembliesLoaded (0ms)
			ExecutionOrderSort2 (0ms)
			AwakeInstancesAfterBackupRestoration (10ms)
Platform modules already initialized, skipping
Refreshing native plugins compatible for Editor in 0.46 ms, found 2 plugins.
Preloading 0 native plugins for Editor in 0.00 ms.
Unloading 1504 Unused Serialized files (Serialized files now loaded: 0)
System memory in use before: 225.4 MB.
System memory in use after: 225.5 MB.

Unloading 11 unused Assets to reduce memory usage. Loaded Objects now: 2081.
Total: 4.072659 ms (FindLiveObjects: 0.179140 ms CreateObjectMapping: 0.071930 ms MarkObjects: 3.774945 ms  DeleteObjects: 0.045593 ms)

AssetImportParameters requested are different than current active one (requested -> active):
  custom:video-decoder-ogg-theora: a1e56fd34408186e4bbccfd4996cb3dc -> 
  custom:container-muxer-webm: aa71ff27fc2769a1b78a27578f13a17b -> 
  custom:container-demuxer-webm: 4f35f7cbe854078d1ac9338744f61a02 -> 
  custom:container-demuxer-ogg: 62fdf1f143b41e24485cea50d1cbac27 -> 
  custom:video-encoder-webm-vp8: eb34c28f22e8b96e1ab97ce403110664 -> 
  custom:framework-osx-AVFoundation: b23960f63f64bdc6ff669e2cdcee2391 -> 
  custom:video-decoder-webm-vp8: 9c59270c3fd7afecdb556c50c9e8de78 -> 
  custom:audio-decoder-ogg-vorbis: bf7c407c2cedff20999df2af8eb42d56 -> 
  custom:audio-encoder-webm-vorbis: bf7c407c2cedff20999df2af8eb42d56 -> 
========================================================================
Received Import Request.
  Time since last request: 2597.574475 seconds.
  path: Assets/JokerAnim.controller
  artifactKey: Guid(21a699acba63d4a44bb41e9790b35e07) Importer(815301076,1909f56bfc062723c751e8b465ee728b)
Start importing Assets/JokerAnim.controller using Guid(21a699acba63d4a44bb41e9790b35e07) Importer(815301076,1909f56bfc062723c751e8b465ee728b)  -> (artifact id: 'f3ce5a78a52600b03d1d9a1ab227bce1') in 0.067237 seconds 
